<?xml version="1.0" encoding="UTF-8"?>
<testsuite xmlns:xsi="http://www.w3.org/2001/XMLSchema-instance" xsi:noNamespaceSchemaLocation="https://maven.apache.org/surefire/maven-surefire-plugin/xsd/surefire-test-report-3.0.xsd" version="3.0" name="com.mycompany.calc.CalcTest" time="0.126" tests="6" errors="0" skipped="0" failures="0">
  <properties>
    <property name="java.specification.version" value="21"/>
    <property name="sun.cpu.isalist" value="amd64"/>
    <property name="sun.jnu.encoding" value="Cp1252"/>
    <property name="java.class.path" value="C:\Users\eoin0\OneDrive - National College of Ireland\NCI\Semester4\Software Quality and Testing\CA3\calc\target\test-classes;C:\Users\eoin0\OneDrive - National College of Ireland\NCI\Semester4\Software Quality and Testing\CA3\calc\target\classes;C:\Users\eoin0\.m2\repository\org\junit\jupiter\junit-jupiter-api\5.6.0\junit-jupiter-api-5.6.0.jar;C:\Users\eoin0\.m2\repository\org\apiguardian\apiguardian-api\1.1.0\apiguardian-api-1.1.0.jar;C:\Users\eoin0\.m2\repository\org\opentest4j\opentest4j\1.2.0\opentest4j-1.2.0.jar;C:\Users\eoin0\.m2\repository\org\junit\platform\junit-platform-commons\1.6.0\junit-platform-commons-1.6.0.jar;C:\Users\eoin0\.m2\repository\org\junit\jupiter\junit-jupiter-params\5.6.0\junit-jupiter-params-5.6.0.jar;C:\Users\eoin0\.m2\repository\org\junit\jupiter\junit-jupiter-engine\5.6.0\junit-jupiter-engine-5.6.0.jar;C:\Users\eoin0\.m2\repository\org\junit\platform\junit-platform-engine\1.6.0\junit-platform-engine-1.6.0.jar;"/>
    <property name="java.vm.vendor" value="Azul Systems, Inc."/>
    <property name="sun.arch.data.model" value="64"/>
    <property name="user.variant" value=""/>
    <property name="java.vendor.url" value="http://www.azul.com/"/>
    <property name="user.timezone" value="Europe/Dublin"/>
    <property name="os.name" value="Windows 10"/>
    <property name="java.vm.specification.version" value="21"/>
    <property name="user.country" value="IE"/>
    <property name="sun.java.launcher" value="SUN_STANDARD"/>
    <property name="sun.boot.library.path" value="C:\Program Files\Apache NetBeans\jdk\bin"/>
    <property name="sun.java.command" value="C:\Users\eoin0\AppData\Local\Temp\surefire15834149026420044156\surefirebooter-20240417144924211_3.jar C:\Users\eoin0\AppData\Local\Temp\surefire15834149026420044156 2024-04-17T14-49-23_980-jvmRun1 surefire-20240417144924211_1tmp surefire_0-20240417144924211_2tmp"/>
    <property name="jdk.debug" value="release"/>
    <property name="test" value="com.mycompany.calc.CalcTest"/>
    <property name="surefire.test.class.path" value="C:\Users\eoin0\OneDrive - National College of Ireland\NCI\Semester4\Software Quality and Testing\CA3\calc\target\test-classes;C:\Users\eoin0\OneDrive - National College of Ireland\NCI\Semester4\Software Quality and Testing\CA3\calc\target\classes;C:\Users\eoin0\.m2\repository\org\junit\jupiter\junit-jupiter-api\5.6.0\junit-jupiter-api-5.6.0.jar;C:\Users\eoin0\.m2\repository\org\apiguardian\apiguardian-api\1.1.0\apiguardian-api-1.1.0.jar;C:\Users\eoin0\.m2\repository\org\opentest4j\opentest4j\1.2.0\opentest4j-1.2.0.jar;C:\Users\eoin0\.m2\repository\org\junit\platform\junit-platform-commons\1.6.0\junit-platform-commons-1.6.0.jar;C:\Users\eoin0\.m2\repository\org\junit\jupiter\junit-jupiter-params\5.6.0\junit-jupiter-params-5.6.0.jar;C:\Users\eoin0\.m2\repository\org\junit\jupiter\junit-jupiter-engine\5.6.0\junit-jupiter-engine-5.6.0.jar;C:\Users\eoin0\.m2\repository\org\junit\platform\junit-platform-engine\1.6.0\junit-platform-engine-1.6.0.jar;"/>
    <property name="sun.cpu.endian" value="little"/>
    <property name="user.home" value="C:\Users\eoin0"/>
    <property name="user.language" value="en"/>
    <property name="java.specification.vendor" value="Oracle Corporation"/>
    <property name="java.version.date" value="2023-10-17"/>
    <property name="java.home" value="C:\Program Files\Apache NetBeans\jdk"/>
    <property name="file.separator" value="\"/>
    <property name="basedir" value="C:\Users\eoin0\OneDrive - National College of Ireland\NCI\Semester4\Software Quality and Testing\CA3\calc"/>
    <property name="java.vm.compressedOopsMode" value="32-bit"/>
    <property name="line.separator" value="&#10;"/>
    <property name="java.vm.specification.vendor" value="Oracle Corporation"/>
    <property name="java.specification.name" value="Java Platform API Specification"/>
    <property name="surefire.real.class.path" value="C:\Users\eoin0\AppData\Local\Temp\surefire15834149026420044156\surefirebooter-20240417144924211_3.jar"/>
    <property name="user.script" value=""/>
    <property name="sun.management.compiler" value="HotSpot 64-Bit Tiered Compilers"/>
    <property name="java.runtime.version" value="21.0.1+12-LTS"/>
    <property name="user.name" value="eoin0"/>
    <property name="stdout.encoding" value="Cp1252"/>
    <property name="path.separator" value=";"/>
    <property name="os.version" value="10.0"/>
    <property name="java.runtime.name" value="OpenJDK Runtime Environment"/>
    <property name="file.encoding" value="UTF-8"/>
    <property name="java.vm.name" value="OpenJDK 64-Bit Server VM"/>
    <property name="java.vendor.version" value="Zulu21.30+15-CA"/>
    <property name="maven.ext.class.path" value="C:\Program Files\Apache NetBeans\java\maven-nblib\netbeans-eventspy.jar"/>
    <property name="localRepository" value="C:\Users\eoin0\.m2\repository"/>
    <property name="java.vendor.url.bug" value="http://www.azul.com/support/"/>
    <property name="java.io.tmpdir" value="C:\Users\eoin0\AppData\Local\Temp\"/>
    <property name="java.version" value="21.0.1"/>
    <property name="user.dir" value="C:\Users\eoin0\OneDrive - National College of Ireland\NCI\Semester4\Software Quality and Testing\CA3\calc"/>
    <property name="os.arch" value="amd64"/>
    <property name="java.vm.specification.name" value="Java Virtual Machine Specification"/>
    <property name="sun.os.patch.level" value=""/>
    <property name="native.encoding" value="Cp1252"/>
    <property name="java.library.path" value="C:\Program Files\Apache NetBeans\jdk\bin;C:\WINDOWS\Sun\Java\bin;C:\WINDOWS\system32;C:\WINDOWS;C:\Python312\Scripts\;C:\Python312\;C:\Program Files\Common Files\Oracle\Java\javapath;C:\Program Files (x86)\Common Files\Oracle\Java\javapath;C:\WINDOWS\system32;C:\WINDOWS;C:\WINDOWS\System32\Wbem;C:\WINDOWS\System32\WindowsPowerShell\v1.0\;C:\WINDOWS\System32\OpenSSH\;C:\Program Files\dotnet\;C:\ProgramData\chocolatey\bin;C:\Users\eoin0\AppData\Roaming\npm;C:\Users\eoin0\AppData\Roaming\nvm;C:\Program Files\nodejs;C:\Program Files\MySQL\MySQL Shell 8.0\bin\;C:\Users\eoin0\Downloads\Python\Scripts\;C:\Users\eoin0\Downloads\Python\;C:\Users\eoin0\AppData\Local\Microsoft\WindowsApps;C:\Users\eoin0\.dotnet\tools;C:\Users\eoin0\AppData\Local\Programs\Microsoft VS Code\bin;C:\Users\eoin0\AppData\Local\GitHubDesktop\bin;C:\Users\eoin0\Downloads\PHP;C:\Users\eoin0\AppData\Roaming\npm;C:\Users\eoin0\AppData\Roaming\nvm;C:\Program Files\nodejs;."/>
    <property name="java.vm.info" value="mixed mode, sharing"/>
    <property name="stderr.encoding" value="Cp1252"/>
    <property name="java.vendor" value="Azul Systems, Inc."/>
    <property name="java.vm.version" value="21.0.1+12-LTS"/>
    <property name="sun.io.unicode.encoding" value="UnicodeLittle"/>
    <property name="java.class.version" value="65.0"/>
  </properties>
  <testcase name="testAdd" classname="com.mycompany.calc.CalcTest" time="0.043">
    <system-out><![CDATA[add
8
]]></system-out>
  </testcase>
  <testcase name="testDiv" classname="com.mycompany.calc.CalcTest" time="0.004">
    <system-out><![CDATA[div
5
]]></system-out>
  </testcase>
  <testcase name="testMin" classname="com.mycompany.calc.CalcTest" time="0.003">
    <system-out><![CDATA[min
1
]]></system-out>
  </testcase>
  <testcase name="testCarea" classname="com.mycompany.calc.CalcTest" time="0.0">
    <system-out><![CDATA[carea
12.56
]]></system-out>
  </testcase>
  <testcase name="testMain" classname="com.mycompany.calc.CalcTest" time="0.032">
    <system-out><![CDATA[main
8
15
0
-2
Hello World!8150-2
314.0
Area of circle is 314.0
]]></system-out>
  </testcase>
  <testcase name="testMult" classname="com.mycompany.calc.CalcTest" time="0.002">
    <system-out><![CDATA[mult
6
]]></system-out>
  </testcase>
</testsuite>